[2021-06-11T08:38:09.009Z] [org.springframework.boot.StartupInfoLogger] [restartedMain] [55] [INFO ] Starting EmployeeApplication on ADMIN-PC with PID 1296 (D:\employee\employee\target\classes started by ADMIN in D:\employee\employee)
[2021-06-11T08:38:09.009Z] [org.springframework.boot.SpringApplication] [restartedMain] [648] [INFO ] No active profile set, falling back to default profiles: default
[2021-06-11T08:38:09.009Z] [org.springframework.data.repository.config.RepositoryConfigurationDelegate] [restartedMain] [127] [INFO ] Bootstrapping Spring Data JPA repositories in DEFAULT mode.
[2021-06-11T08:38:10.010Z] [org.springframework.data.repository.config.RepositoryConfigurationDelegate] [restartedMain] [187] [INFO ] Finished Spring Data repository scanning in 22ms. Found 1 JPA repository interfaces.
[2021-06-11T08:38:10.010Z] [org.springframework.boot.web.embedded.tomcat.TomcatWebServer] [restartedMain] [108] [INFO ] Tomcat initialized with port(s): 8082 (http)
[2021-06-11T08:38:10.010Z] [org.apache.juli.logging.DirectJDKLog] [restartedMain] [173] [INFO ] Starting service [Tomcat]
[2021-06-11T08:38:10.010Z] [org.apache.juli.logging.DirectJDKLog] [restartedMain] [173] [INFO ] Starting Servlet engine: [Apache Tomcat/9.0.45]
[2021-06-11T08:38:10.010Z] [org.apache.juli.logging.DirectJDKLog] [restartedMain] [173] [INFO ] Initializing Spring embedded WebApplicationContext
[2021-06-11T08:38:10.010Z] [org.springframework.boot.web.servlet.context.ServletWebServerApplicationContext] [restartedMain] [285] [INFO ] Root WebApplicationContext: initialization completed in 888 ms
[2021-06-11T08:38:10.010Z] [com.zaxxer.hikari.HikariDataSource] [restartedMain] [110] [INFO ] HikariPoolBooks - Starting...
[2021-06-11T08:38:10.010Z] [com.zaxxer.hikari.HikariDataSource] [restartedMain] [123] [INFO ] HikariPoolBooks - Start completed.
[2021-06-11T08:38:10.010Z] [org.springframework.boot.autoconfigure.h2.H2ConsoleAutoConfiguration] [restartedMain] [73] [INFO ] H2 console available at '/h2-console'. Database available at 'jdbc:oracle:thin:@localhost:1521:xe'
[2021-06-11T08:38:10.010Z] [org.hibernate.jpa.internal.util.LogHelper] [restartedMain] [31] [INFO ] HHH000204: Processing PersistenceUnitInfo [name: default]
[2021-06-11T08:38:10.010Z] [org.hibernate.dialect.Dialect] [restartedMain] [175] [INFO ] HHH000400: Using dialect: org.hibernate.dialect.Oracle12cDialect
[2021-06-11T08:38:12.012Z] [org.hibernate.engine.transaction.jta.platform.internal.JtaPlatformInitiator] [restartedMain] [52] [INFO ] HHH000490: Using JtaPlatform implementation: [org.hibernate.engine.transaction.jta.platform.internal.NoJtaPlatform]
[2021-06-11T08:38:12.012Z] [org.springframework.orm.jpa.AbstractEntityManagerFactoryBean] [restartedMain] [419] [INFO ] Initialized JPA EntityManagerFactory for persistence unit 'default'
[2021-06-11T08:38:12.012Z] [org.springframework.boot.devtools.autoconfigure.OptionalLiveReloadServer] [restartedMain] [58] [INFO ] LiveReload server is running on port 35729
[2021-06-11T08:38:12.012Z] [org.springframework.boot.autoconfigure.orm.jpa.JpaBaseConfiguration$JpaWebConfiguration] [restartedMain] [220] [WARN ] spring.jpa.open-in-view is enabled by default. Therefore, database queries may be performed during view rendering. Explicitly configure spring.jpa.open-in-view to disable this warning
[2021-06-11T08:38:12.012Z] [org.springframework.scheduling.concurrent.ExecutorConfigurationSupport] [restartedMain] [181] [INFO ] Initializing ExecutorService 'applicationTaskExecutor'
[2021-06-11T08:38:12.012Z] [org.springframework.boot.web.embedded.tomcat.TomcatWebServer] [restartedMain] [220] [INFO ] Tomcat started on port(s): 8082 (http) with context path ''
[2021-06-11T08:38:12.012Z] [org.springframework.boot.StartupInfoLogger] [restartedMain] [61] [INFO ] Started EmployeeApplication in 3.947 seconds (JVM running for 4213.04)
[2021-06-11T08:38:12.012Z] [org.springframework.boot.devtools.autoconfigure.ConditionEvaluationDeltaLoggingListener] [restartedMain] [63] [INFO ] Condition evaluation unchanged
[2021-06-11T08:39:29.029Z] [org.springframework.scheduling.concurrent.ExecutorConfigurationSupport] [Thread-49] [218] [INFO ] Shutting down ExecutorService 'applicationTaskExecutor'
[2021-06-11T08:39:29.029Z] [org.springframework.orm.jpa.AbstractEntityManagerFactoryBean] [Thread-49] [601] [INFO ] Closing JPA EntityManagerFactory for persistence unit 'default'
[2021-06-11T08:39:29.029Z] [com.zaxxer.hikari.HikariDataSource] [Thread-49] [350] [INFO ] HikariPoolBooks - Shutdown initiated...
[2021-06-11T08:39:29.029Z] [com.zaxxer.hikari.HikariDataSource] [Thread-49] [352] [INFO ] HikariPoolBooks - Shutdown completed.
[2021-06-11T08:39:29.029Z] [org.springframework.boot.StartupInfoLogger] [restartedMain] [55] [INFO ] Starting EmployeeApplication on ADMIN-PC with PID 1296 (D:\employee\employee\target\classes started by ADMIN in D:\employee\employee)
[2021-06-11T08:39:29.029Z] [org.springframework.boot.SpringApplication] [restartedMain] [648] [INFO ] No active profile set, falling back to default profiles: default
[2021-06-11T08:39:30.030Z] [org.springframework.data.repository.config.RepositoryConfigurationDelegate] [restartedMain] [127] [INFO ] Bootstrapping Spring Data JPA repositories in DEFAULT mode.
[2021-06-11T08:39:30.030Z] [org.springframework.data.repository.config.RepositoryConfigurationDelegate] [restartedMain] [187] [INFO ] Finished Spring Data repository scanning in 18ms. Found 1 JPA repository interfaces.
[2021-06-11T08:39:30.030Z] [org.springframework.boot.web.embedded.tomcat.TomcatWebServer] [restartedMain] [108] [INFO ] Tomcat initialized with port(s): 8082 (http)
[2021-06-11T08:39:30.030Z] [org.apache.juli.logging.DirectJDKLog] [restartedMain] [173] [INFO ] Starting service [Tomcat]
[2021-06-11T08:39:30.030Z] [org.apache.juli.logging.DirectJDKLog] [restartedMain] [173] [INFO ] Starting Servlet engine: [Apache Tomcat/9.0.45]
[2021-06-11T08:39:30.030Z] [org.apache.juli.logging.DirectJDKLog] [restartedMain] [173] [INFO ] Initializing Spring embedded WebApplicationContext
[2021-06-11T08:39:30.030Z] [org.springframework.boot.web.servlet.context.ServletWebServerApplicationContext] [restartedMain] [285] [INFO ] Root WebApplicationContext: initialization completed in 812 ms
[2021-06-11T08:39:30.030Z] [com.zaxxer.hikari.HikariDataSource] [restartedMain] [110] [INFO ] HikariPoolBooks - Starting...
[2021-06-11T08:39:30.030Z] [com.zaxxer.hikari.HikariDataSource] [restartedMain] [123] [INFO ] HikariPoolBooks - Start completed.
[2021-06-11T08:39:30.030Z] [org.springframework.boot.autoconfigure.h2.H2ConsoleAutoConfiguration] [restartedMain] [73] [INFO ] H2 console available at '/h2-console'. Database available at 'jdbc:oracle:thin:@localhost:1521:xe'
[2021-06-11T08:39:30.030Z] [org.hibernate.jpa.internal.util.LogHelper] [restartedMain] [31] [INFO ] HHH000204: Processing PersistenceUnitInfo [name: default]
[2021-06-11T08:39:30.030Z] [org.hibernate.dialect.Dialect] [restartedMain] [175] [INFO ] HHH000400: Using dialect: org.hibernate.dialect.Oracle12cDialect
[2021-06-11T08:39:32.032Z] [org.hibernate.engine.transaction.jta.platform.internal.JtaPlatformInitiator] [restartedMain] [52] [INFO ] HHH000490: Using JtaPlatform implementation: [org.hibernate.engine.transaction.jta.platform.internal.NoJtaPlatform]
[2021-06-11T08:39:32.032Z] [org.springframework.orm.jpa.AbstractEntityManagerFactoryBean] [restartedMain] [419] [INFO ] Initialized JPA EntityManagerFactory for persistence unit 'default'
[2021-06-11T08:39:32.032Z] [org.springframework.boot.devtools.autoconfigure.OptionalLiveReloadServer] [restartedMain] [58] [INFO ] LiveReload server is running on port 35729
[2021-06-11T08:39:32.032Z] [org.springframework.context.support.AbstractApplicationContext] [restartedMain] [559] [WARN ] Exception encountered during context initialization - cancelling refresh attempt: org.springframework.beans.factory.UnsatisfiedDependencyException: Error creating bean with name 'employeeController': Unsatisfied dependency expressed through field 'employeeService'; nested exception is org.springframework.beans.factory.BeanCreationException: Error creating bean with name 'employeeService' defined in file [D:\employee\employee\target\classes\com\edusol\employee\service\EmployeeService.class]: Instantiation of bean failed; nested exception is org.springframework.beans.BeanInstantiationException: Failed to instantiate [com.edusol.employee.service.EmployeeService]: Constructor threw exception; nested exception is java.lang.Error: Unresolved compilation problems: 
	The method getLogger(Class<capture#1-of ? extends EmployeeService>) is undefined for the type LoggerFactory
	Duplicate local variable employee

[2021-06-11T08:39:32.032Z] [org.springframework.orm.jpa.AbstractEntityManagerFactoryBean] [restartedMain] [601] [INFO ] Closing JPA EntityManagerFactory for persistence unit 'default'
[2021-06-11T08:39:32.032Z] [com.zaxxer.hikari.HikariDataSource] [restartedMain] [350] [INFO ] HikariPoolBooks - Shutdown initiated...
[2021-06-11T08:39:32.032Z] [com.zaxxer.hikari.HikariDataSource] [restartedMain] [352] [INFO ] HikariPoolBooks - Shutdown completed.
[2021-06-11T08:39:32.032Z] [org.apache.juli.logging.DirectJDKLog] [restartedMain] [173] [INFO ] Stopping service [Tomcat]
[2021-06-11T08:39:32.032Z] [org.springframework.boot.autoconfigure.logging.ConditionEvaluationReportLoggingListener] [restartedMain] [136] [INFO ] 

Error starting ApplicationContext. To display the conditions report re-run your application with 'debug' enabled.
[2021-06-11T08:39:32.032Z] [org.springframework.boot.SpringApplication] [restartedMain] [834] [ERROR] Application run failed
org.springframework.beans.factory.UnsatisfiedDependencyException: Error creating bean with name 'employeeController': Unsatisfied dependency expressed through field 'employeeService'; nested exception is org.springframework.beans.factory.BeanCreationException: Error creating bean with name 'employeeService' defined in file [D:\employee\employee\target\classes\com\edusol\employee\service\EmployeeService.class]: Instantiation of bean failed; nested exception is org.springframework.beans.BeanInstantiationException: Failed to instantiate [com.edusol.employee.service.EmployeeService]: Constructor threw exception; nested exception is java.lang.Error: Unresolved compilation problems: 
	The method getLogger(Class<capture#1-of ? extends EmployeeService>) is undefined for the type LoggerFactory
	Duplicate local variable employee

	at org.springframework.beans.factory.annotation.AutowiredAnnotationBeanPostProcessor$AutowiredFieldElement.resolveFieldValue(AutowiredAnnotationBeanPostProcessor.java:660)
	at org.springframework.beans.factory.annotation.AutowiredAnnotationBeanPostProcessor$AutowiredFieldElement.inject(AutowiredAnnotationBeanPostProcessor.java:640)
	at org.springframework.beans.factory.annotation.InjectionMetadata.inject(InjectionMetadata.java:119)
	at org.springframework.beans.factory.annotation.AutowiredAnnotationBeanPostProcessor.postProcessProperties(AutowiredAnnotationBeanPostProcessor.java:399)
	at org.springframework.beans.factory.support.AbstractAutowireCapableBeanFactory.populateBean(AbstractAutowireCapableBeanFactory.java:1425)
	at org.springframework.beans.factory.support.AbstractAutowireCapableBeanFactory.doCreateBean(AbstractAutowireCapableBeanFactory.java:593)
	at org.springframework.beans.factory.support.AbstractAutowireCapableBeanFactory.createBean(AbstractAutowireCapableBeanFactory.java:516)
	at org.springframework.beans.factory.support.AbstractBeanFactory.lambda$doGetBean$0(AbstractBeanFactory.java:324)
	at org.springframework.beans.factory.support.DefaultSingletonBeanRegistry.getSingleton(DefaultSingletonBeanRegistry.java:234)
	at org.springframework.beans.factory.support.AbstractBeanFactory.doGetBean(AbstractBeanFactory.java:322)
	at org.springframework.beans.factory.support.AbstractBeanFactory.getBean(AbstractBeanFactory.java:202)
	at org.springframework.beans.factory.support.DefaultListableBeanFactory.preInstantiateSingletons(DefaultListableBeanFactory.java:897)
	at org.springframework.context.support.AbstractApplicationContext.finishBeanFactoryInitialization(AbstractApplicationContext.java:879)
	at org.springframework.context.support.AbstractApplicationContext.refresh(AbstractApplicationContext.java:551)
	at org.springframework.boot.web.servlet.context.ServletWebServerApplicationContext.refresh(ServletWebServerApplicationContext.java:143)
	at org.springframework.boot.SpringApplication.refresh(SpringApplication.java:755)
	at org.springframework.boot.SpringApplication.refresh(SpringApplication.java:747)
	at org.springframework.boot.SpringApplication.refreshContext(SpringApplication.java:402)
	at org.springframework.boot.SpringApplication.run(SpringApplication.java:312)
	at org.springframework.boot.SpringApplication.run(SpringApplication.java:1247)
	at org.springframework.boot.SpringApplication.run(SpringApplication.java:1236)
	at com.edusol.employee.EmployeeApplication.main(EmployeeApplication.java:10)
	at java.base/jdk.internal.reflect.NativeMethodAccessorImpl.invoke0(Native Method)
	at java.base/jdk.internal.reflect.NativeMethodAccessorImpl.invoke(NativeMethodAccessorImpl.java:78)
	at java.base/jdk.internal.reflect.DelegatingMethodAccessorImpl.invoke(DelegatingMethodAccessorImpl.java:43)
	at java.base/java.lang.reflect.Method.invoke(Method.java:567)
	at org.springframework.boot.devtools.restart.RestartLauncher.run(RestartLauncher.java:49)
Caused by: org.springframework.beans.factory.BeanCreationException: Error creating bean with name 'employeeService' defined in file [D:\employee\employee\target\classes\com\edusol\employee\service\EmployeeService.class]: Instantiation of bean failed; nested exception is org.springframework.beans.BeanInstantiationException: Failed to instantiate [com.edusol.employee.service.EmployeeService]: Constructor threw exception; nested exception is java.lang.Error: Unresolved compilation problems: 
	The method getLogger(Class<capture#1-of ? extends EmployeeService>) is undefined for the type LoggerFactory
	Duplicate local variable employee

	at org.springframework.beans.factory.support.AbstractAutowireCapableBeanFactory.instantiateBean(AbstractAutowireCapableBeanFactory.java:1323)
	at org.springframework.beans.factory.support.AbstractAutowireCapableBeanFactory.createBeanInstance(AbstractAutowireCapableBeanFactory.java:1218)
	at org.springframework.beans.factory.support.AbstractAutowireCapableBeanFactory.doCreateBean(AbstractAutowireCapableBeanFactory.java:556)
	at org.springframework.beans.factory.support.AbstractAutowireCapableBeanFactory.createBean(AbstractAutowireCapableBeanFactory.java:516)
	at org.springframework.beans.factory.support.AbstractBeanFactory.lambda$doGetBean$0(AbstractBeanFactory.java:324)
	at org.springframework.beans.factory.support.DefaultSingletonBeanRegistry.getSingleton(DefaultSingletonBeanRegistry.java:234)
	at org.springframework.beans.factory.support.AbstractBeanFactory.doGetBean(AbstractBeanFactory.java:322)
	at org.springframework.beans.factory.support.AbstractBeanFactory.getBean(AbstractBeanFactory.java:202)
	at org.springframework.beans.factory.config.DependencyDescriptor.resolveCandidate(DependencyDescriptor.java:276)
	at org.springframework.beans.factory.support.DefaultListableBeanFactory.doResolveDependency(DefaultListableBeanFactory.java:1307)
	at org.springframework.beans.factory.support.DefaultListableBeanFactory.resolveDependency(DefaultListableBeanFactory.java:1227)
	at org.springframework.beans.factory.annotation.AutowiredAnnotationBeanPostProcessor$AutowiredFieldElement.resolveFieldValue(AutowiredAnnotationBeanPostProcessor.java:657)
	... 26 common frames omitted
Caused by: org.springframework.beans.BeanInstantiationException: Failed to instantiate [com.edusol.employee.service.EmployeeService]: Constructor threw exception; nested exception is java.lang.Error: Unresolved compilation problems: 
	The method getLogger(Class<capture#1-of ? extends EmployeeService>) is undefined for the type LoggerFactory
	Duplicate local variable employee

	at org.springframework.beans.BeanUtils.instantiateClass(BeanUtils.java:217)
	at org.springframework.beans.factory.support.SimpleInstantiationStrategy.instantiate(SimpleInstantiationStrategy.java:87)
	at org.springframework.beans.factory.support.AbstractAutowireCapableBeanFactory.instantiateBean(AbstractAutowireCapableBeanFactory.java:1315)
	... 37 common frames omitted
Caused by: java.lang.Error: Unresolved compilation problems: 
	The method getLogger(Class<capture#1-of ? extends EmployeeService>) is undefined for the type LoggerFactory
	Duplicate local variable employee

	at com.edusol.employee.service.EmployeeService.<init>(EmployeeService.java:19)
	at java.base/jdk.internal.reflect.NativeConstructorAccessorImpl.newInstance0(Native Method)
	at java.base/jdk.internal.reflect.NativeConstructorAccessorImpl.newInstance(NativeConstructorAccessorImpl.java:78)
	at java.base/jdk.internal.reflect.DelegatingConstructorAccessorImpl.newInstance(DelegatingConstructorAccessorImpl.java:45)
	at java.base/java.lang.reflect.Constructor.newInstanceWithCaller(Constructor.java:499)
	at java.base/java.lang.reflect.Constructor.newInstance(Constructor.java:480)
	at org.springframework.beans.BeanUtils.instantiateClass(BeanUtils.java:204)
	... 39 common frames omitted
[2021-06-11T08:40:22.022Z] [org.springframework.boot.StartupInfoLogger] [restartedMain] [55] [INFO ] Starting EmployeeApplication on ADMIN-PC with PID 1296 (D:\employee\employee\target\classes started by ADMIN in D:\employee\employee)
[2021-06-11T08:40:22.022Z] [org.springframework.boot.SpringApplication] [restartedMain] [648] [INFO ] No active profile set, falling back to default profiles: default
[2021-06-11T08:40:22.022Z] [org.springframework.data.repository.config.RepositoryConfigurationDelegate] [restartedMain] [127] [INFO ] Bootstrapping Spring Data JPA repositories in DEFAULT mode.
[2021-06-11T08:40:22.022Z] [org.springframework.data.repository.config.RepositoryConfigurationDelegate] [restartedMain] [187] [INFO ] Finished Spring Data repository scanning in 18ms. Found 1 JPA repository interfaces.
[2021-06-11T08:40:23.023Z] [org.springframework.boot.web.embedded.tomcat.TomcatWebServer] [restartedMain] [108] [INFO ] Tomcat initialized with port(s): 8082 (http)
[2021-06-11T08:40:23.023Z] [org.apache.juli.logging.DirectJDKLog] [restartedMain] [173] [INFO ] Starting service [Tomcat]
[2021-06-11T08:40:23.023Z] [org.apache.juli.logging.DirectJDKLog] [restartedMain] [173] [INFO ] Starting Servlet engine: [Apache Tomcat/9.0.45]
[2021-06-11T08:40:23.023Z] [org.apache.juli.logging.DirectJDKLog] [restartedMain] [173] [INFO ] Initializing Spring embedded WebApplicationContext
[2021-06-11T08:40:23.023Z] [org.springframework.boot.web.servlet.context.ServletWebServerApplicationContext] [restartedMain] [285] [INFO ] Root WebApplicationContext: initialization completed in 945 ms
[2021-06-11T08:40:23.023Z] [com.zaxxer.hikari.HikariDataSource] [restartedMain] [110] [INFO ] HikariPoolBooks - Starting...
[2021-06-11T08:40:23.023Z] [com.zaxxer.hikari.HikariDataSource] [restartedMain] [123] [INFO ] HikariPoolBooks - Start completed.
[2021-06-11T08:40:23.023Z] [org.springframework.boot.autoconfigure.h2.H2ConsoleAutoConfiguration] [restartedMain] [73] [INFO ] H2 console available at '/h2-console'. Database available at 'jdbc:oracle:thin:@localhost:1521:xe'
[2021-06-11T08:40:23.023Z] [org.hibernate.jpa.internal.util.LogHelper] [restartedMain] [31] [INFO ] HHH000204: Processing PersistenceUnitInfo [name: default]
[2021-06-11T08:40:23.023Z] [org.hibernate.dialect.Dialect] [restartedMain] [175] [INFO ] HHH000400: Using dialect: org.hibernate.dialect.Oracle12cDialect
[2021-06-11T08:40:24.024Z] [org.hibernate.engine.transaction.jta.platform.internal.JtaPlatformInitiator] [restartedMain] [52] [INFO ] HHH000490: Using JtaPlatform implementation: [org.hibernate.engine.transaction.jta.platform.internal.NoJtaPlatform]
[2021-06-11T08:40:24.024Z] [org.springframework.orm.jpa.AbstractEntityManagerFactoryBean] [restartedMain] [419] [INFO ] Initialized JPA EntityManagerFactory for persistence unit 'default'
[2021-06-11T08:40:24.024Z] [org.springframework.boot.devtools.autoconfigure.OptionalLiveReloadServer] [restartedMain] [58] [INFO ] LiveReload server is running on port 35729
[2021-06-11T08:40:24.024Z] [org.springframework.context.support.AbstractApplicationContext] [restartedMain] [559] [WARN ] Exception encountered during context initialization - cancelling refresh attempt: org.springframework.beans.factory.UnsatisfiedDependencyException: Error creating bean with name 'employeeController': Unsatisfied dependency expressed through field 'employeeService'; nested exception is org.springframework.beans.factory.BeanCreationException: Error creating bean with name 'employeeService' defined in file [D:\employee\employee\target\classes\com\edusol\employee\service\EmployeeService.class]: Instantiation of bean failed; nested exception is org.springframework.beans.BeanInstantiationException: Failed to instantiate [com.edusol.employee.service.EmployeeService]: Constructor threw exception; nested exception is java.lang.Error: Unresolved compilation problems: 
	The method getLogger(Class<capture#1-of ? extends EmployeeService>) is undefined for the type LoggerFactory
	Duplicate local variable employee

[2021-06-11T08:40:24.024Z] [org.springframework.orm.jpa.AbstractEntityManagerFactoryBean] [restartedMain] [601] [INFO ] Closing JPA EntityManagerFactory for persistence unit 'default'
[2021-06-11T08:40:24.024Z] [com.zaxxer.hikari.HikariDataSource] [restartedMain] [350] [INFO ] HikariPoolBooks - Shutdown initiated...
[2021-06-11T08:40:24.024Z] [com.zaxxer.hikari.HikariDataSource] [restartedMain] [352] [INFO ] HikariPoolBooks - Shutdown completed.
[2021-06-11T08:40:24.024Z] [org.apache.juli.logging.DirectJDKLog] [restartedMain] [173] [INFO ] Stopping service [Tomcat]
[2021-06-11T08:40:24.024Z] [org.springframework.boot.autoconfigure.logging.ConditionEvaluationReportLoggingListener] [restartedMain] [136] [INFO ] 

Error starting ApplicationContext. To display the conditions report re-run your application with 'debug' enabled.
[2021-06-11T08:40:24.024Z] [org.springframework.boot.SpringApplication] [restartedMain] [834] [ERROR] Application run failed
org.springframework.beans.factory.UnsatisfiedDependencyException: Error creating bean with name 'employeeController': Unsatisfied dependency expressed through field 'employeeService'; nested exception is org.springframework.beans.factory.BeanCreationException: Error creating bean with name 'employeeService' defined in file [D:\employee\employee\target\classes\com\edusol\employee\service\EmployeeService.class]: Instantiation of bean failed; nested exception is org.springframework.beans.BeanInstantiationException: Failed to instantiate [com.edusol.employee.service.EmployeeService]: Constructor threw exception; nested exception is java.lang.Error: Unresolved compilation problems: 
	The method getLogger(Class<capture#1-of ? extends EmployeeService>) is undefined for the type LoggerFactory
	Duplicate local variable employee

	at org.springframework.beans.factory.annotation.AutowiredAnnotationBeanPostProcessor$AutowiredFieldElement.resolveFieldValue(AutowiredAnnotationBeanPostProcessor.java:660)
	at org.springframework.beans.factory.annotation.AutowiredAnnotationBeanPostProcessor$AutowiredFieldElement.inject(AutowiredAnnotationBeanPostProcessor.java:640)
	at org.springframework.beans.factory.annotation.InjectionMetadata.inject(InjectionMetadata.java:119)
	at org.springframework.beans.factory.annotation.AutowiredAnnotationBeanPostProcessor.postProcessProperties(AutowiredAnnotationBeanPostProcessor.java:399)
	at org.springframework.beans.factory.support.AbstractAutowireCapableBeanFactory.populateBean(AbstractAutowireCapableBeanFactory.java:1425)
	at org.springframework.beans.factory.support.AbstractAutowireCapableBeanFactory.doCreateBean(AbstractAutowireCapableBeanFactory.java:593)
	at org.springframework.beans.factory.support.AbstractAutowireCapableBeanFactory.createBean(AbstractAutowireCapableBeanFactory.java:516)
	at org.springframework.beans.factory.support.AbstractBeanFactory.lambda$doGetBean$0(AbstractBeanFactory.java:324)
	at org.springframework.beans.factory.support.DefaultSingletonBeanRegistry.getSingleton(DefaultSingletonBeanRegistry.java:234)
	at org.springframework.beans.factory.support.AbstractBeanFactory.doGetBean(AbstractBeanFactory.java:322)
	at org.springframework.beans.factory.support.AbstractBeanFactory.getBean(AbstractBeanFactory.java:202)
	at org.springframework.beans.factory.support.DefaultListableBeanFactory.preInstantiateSingletons(DefaultListableBeanFactory.java:897)
	at org.springframework.context.support.AbstractApplicationContext.finishBeanFactoryInitialization(AbstractApplicationContext.java:879)
	at org.springframework.context.support.AbstractApplicationContext.refresh(AbstractApplicationContext.java:551)
	at org.springframework.boot.web.servlet.context.ServletWebServerApplicationContext.refresh(ServletWebServerApplicationContext.java:143)
	at org.springframework.boot.SpringApplication.refresh(SpringApplication.java:755)
	at org.springframework.boot.SpringApplication.refresh(SpringApplication.java:747)
	at org.springframework.boot.SpringApplication.refreshContext(SpringApplication.java:402)
	at org.springframework.boot.SpringApplication.run(SpringApplication.java:312)
	at org.springframework.boot.SpringApplication.run(SpringApplication.java:1247)
	at org.springframework.boot.SpringApplication.run(SpringApplication.java:1236)
	at com.edusol.employee.EmployeeApplication.main(EmployeeApplication.java:10)
	at java.base/jdk.internal.reflect.NativeMethodAccessorImpl.invoke0(Native Method)
	at java.base/jdk.internal.reflect.NativeMethodAccessorImpl.invoke(NativeMethodAccessorImpl.java:78)
	at java.base/jdk.internal.reflect.DelegatingMethodAccessorImpl.invoke(DelegatingMethodAccessorImpl.java:43)
	at java.base/java.lang.reflect.Method.invoke(Method.java:567)
	at org.springframework.boot.devtools.restart.RestartLauncher.run(RestartLauncher.java:49)
Caused by: org.springframework.beans.factory.BeanCreationException: Error creating bean with name 'employeeService' defined in file [D:\employee\employee\target\classes\com\edusol\employee\service\EmployeeService.class]: Instantiation of bean failed; nested exception is org.springframework.beans.BeanInstantiationException: Failed to instantiate [com.edusol.employee.service.EmployeeService]: Constructor threw exception; nested exception is java.lang.Error: Unresolved compilation problems: 
	The method getLogger(Class<capture#1-of ? extends EmployeeService>) is undefined for the type LoggerFactory
	Duplicate local variable employee

	at org.springframework.beans.factory.support.AbstractAutowireCapableBeanFactory.instantiateBean(AbstractAutowireCapableBeanFactory.java:1323)
	at org.springframework.beans.factory.support.AbstractAutowireCapableBeanFactory.createBeanInstance(AbstractAutowireCapableBeanFactory.java:1218)
	at org.springframework.beans.factory.support.AbstractAutowireCapableBeanFactory.doCreateBean(AbstractAutowireCapableBeanFactory.java:556)
	at org.springframework.beans.factory.support.AbstractAutowireCapableBeanFactory.createBean(AbstractAutowireCapableBeanFactory.java:516)
	at org.springframework.beans.factory.support.AbstractBeanFactory.lambda$doGetBean$0(AbstractBeanFactory.java:324)
	at org.springframework.beans.factory.support.DefaultSingletonBeanRegistry.getSingleton(DefaultSingletonBeanRegistry.java:234)
	at org.springframework.beans.factory.support.AbstractBeanFactory.doGetBean(AbstractBeanFactory.java:322)
	at org.springframework.beans.factory.support.AbstractBeanFactory.getBean(AbstractBeanFactory.java:202)
	at org.springframework.beans.factory.config.DependencyDescriptor.resolveCandidate(DependencyDescriptor.java:276)
	at org.springframework.beans.factory.support.DefaultListableBeanFactory.doResolveDependency(DefaultListableBeanFactory.java:1307)
	at org.springframework.beans.factory.support.DefaultListableBeanFactory.resolveDependency(DefaultListableBeanFactory.java:1227)
	at org.springframework.beans.factory.annotation.AutowiredAnnotationBeanPostProcessor$AutowiredFieldElement.resolveFieldValue(AutowiredAnnotationBeanPostProcessor.java:657)
	... 26 common frames omitted
Caused by: org.springframework.beans.BeanInstantiationException: Failed to instantiate [com.edusol.employee.service.EmployeeService]: Constructor threw exception; nested exception is java.lang.Error: Unresolved compilation problems: 
	The method getLogger(Class<capture#1-of ? extends EmployeeService>) is undefined for the type LoggerFactory
	Duplicate local variable employee

	at org.springframework.beans.BeanUtils.instantiateClass(BeanUtils.java:217)
	at org.springframework.beans.factory.support.SimpleInstantiationStrategy.instantiate(SimpleInstantiationStrategy.java:87)
	at org.springframework.beans.factory.support.AbstractAutowireCapableBeanFactory.instantiateBean(AbstractAutowireCapableBeanFactory.java:1315)
	... 37 common frames omitted
Caused by: java.lang.Error: Unresolved compilation problems: 
	The method getLogger(Class<capture#1-of ? extends EmployeeService>) is undefined for the type LoggerFactory
	Duplicate local variable employee

	at com.edusol.employee.service.EmployeeService.<init>(EmployeeService.java:19)
	at java.base/jdk.internal.reflect.NativeConstructorAccessorImpl.newInstance0(Native Method)
	at java.base/jdk.internal.reflect.NativeConstructorAccessorImpl.newInstance(NativeConstructorAccessorImpl.java:78)
	at java.base/jdk.internal.reflect.DelegatingConstructorAccessorImpl.newInstance(DelegatingConstructorAccessorImpl.java:45)
	at java.base/java.lang.reflect.Constructor.newInstanceWithCaller(Constructor.java:499)
	at java.base/java.lang.reflect.Constructor.newInstance(Constructor.java:480)
	at org.springframework.beans.BeanUtils.instantiateClass(BeanUtils.java:204)
	... 39 common frames omitted
[2021-06-11T08:41:41.041Z] [org.springframework.boot.StartupInfoLogger] [restartedMain] [55] [INFO ] Starting EmployeeApplication on ADMIN-PC with PID 1296 (D:\employee\employee\target\classes started by ADMIN in D:\employee\employee)
[2021-06-11T08:41:41.041Z] [org.springframework.boot.SpringApplication] [restartedMain] [648] [INFO ] No active profile set, falling back to default profiles: default
[2021-06-11T08:41:42.042Z] [org.springframework.data.repository.config.RepositoryConfigurationDelegate] [restartedMain] [127] [INFO ] Bootstrapping Spring Data JPA repositories in DEFAULT mode.
[2021-06-11T08:41:42.042Z] [org.springframework.data.repository.config.RepositoryConfigurationDelegate] [restartedMain] [187] [INFO ] Finished Spring Data repository scanning in 17ms. Found 1 JPA repository interfaces.
[2021-06-11T08:41:42.042Z] [org.springframework.boot.web.embedded.tomcat.TomcatWebServer] [restartedMain] [108] [INFO ] Tomcat initialized with port(s): 8082 (http)
[2021-06-11T08:41:42.042Z] [org.apache.juli.logging.DirectJDKLog] [restartedMain] [173] [INFO ] Starting service [Tomcat]
[2021-06-11T08:41:42.042Z] [org.apache.juli.logging.DirectJDKLog] [restartedMain] [173] [INFO ] Starting Servlet engine: [Apache Tomcat/9.0.45]
[2021-06-11T08:41:43.043Z] [org.apache.juli.logging.DirectJDKLog] [restartedMain] [173] [INFO ] Initializing Spring embedded WebApplicationContext
[2021-06-11T08:41:43.043Z] [org.springframework.boot.web.servlet.context.ServletWebServerApplicationContext] [restartedMain] [285] [INFO ] Root WebApplicationContext: initialization completed in 1101 ms
[2021-06-11T08:41:43.043Z] [com.zaxxer.hikari.HikariDataSource] [restartedMain] [110] [INFO ] HikariPoolBooks - Starting...
[2021-06-11T08:41:43.043Z] [com.zaxxer.hikari.HikariDataSource] [restartedMain] [123] [INFO ] HikariPoolBooks - Start completed.
[2021-06-11T08:41:43.043Z] [org.springframework.boot.autoconfigure.h2.H2ConsoleAutoConfiguration] [restartedMain] [73] [INFO ] H2 console available at '/h2-console'. Database available at 'jdbc:oracle:thin:@localhost:1521:xe'
[2021-06-11T08:41:43.043Z] [org.hibernate.jpa.internal.util.LogHelper] [restartedMain] [31] [INFO ] HHH000204: Processing PersistenceUnitInfo [name: default]
[2021-06-11T08:41:43.043Z] [org.hibernate.dialect.Dialect] [restartedMain] [175] [INFO ] HHH000400: Using dialect: org.hibernate.dialect.Oracle12cDialect
[2021-06-11T08:41:44.044Z] [org.hibernate.engine.transaction.jta.platform.internal.JtaPlatformInitiator] [restartedMain] [52] [INFO ] HHH000490: Using JtaPlatform implementation: [org.hibernate.engine.transaction.jta.platform.internal.NoJtaPlatform]
[2021-06-11T08:41:44.044Z] [org.springframework.orm.jpa.AbstractEntityManagerFactoryBean] [restartedMain] [419] [INFO ] Initialized JPA EntityManagerFactory for persistence unit 'default'
[2021-06-11T08:41:44.044Z] [org.springframework.boot.devtools.autoconfigure.OptionalLiveReloadServer] [restartedMain] [58] [INFO ] LiveReload server is running on port 35729
[2021-06-11T08:41:44.044Z] [org.springframework.context.support.AbstractApplicationContext] [restartedMain] [559] [WARN ] Exception encountered during context initialization - cancelling refresh attempt: org.springframework.beans.factory.UnsatisfiedDependencyException: Error creating bean with name 'employeeController': Unsatisfied dependency expressed through field 'employeeService'; nested exception is org.springframework.beans.factory.BeanCreationException: Error creating bean with name 'employeeService' defined in file [D:\employee\employee\target\classes\com\edusol\employee\service\EmployeeService.class]: Instantiation of bean failed; nested exception is org.springframework.beans.BeanInstantiationException: Failed to instantiate [com.edusol.employee.service.EmployeeService]: Constructor threw exception; nested exception is java.lang.Error: Unresolved compilation problem: 
	The method getLogger(Class<capture#1-of ? extends EmployeeService>) is undefined for the type LoggerFactory

[2021-06-11T08:41:44.044Z] [org.springframework.orm.jpa.AbstractEntityManagerFactoryBean] [restartedMain] [601] [INFO ] Closing JPA EntityManagerFactory for persistence unit 'default'
[2021-06-11T08:41:44.044Z] [com.zaxxer.hikari.HikariDataSource] [restartedMain] [350] [INFO ] HikariPoolBooks - Shutdown initiated...
[2021-06-11T08:41:44.044Z] [com.zaxxer.hikari.HikariDataSource] [restartedMain] [352] [INFO ] HikariPoolBooks - Shutdown completed.
[2021-06-11T08:41:44.044Z] [org.apache.juli.logging.DirectJDKLog] [restartedMain] [173] [INFO ] Stopping service [Tomcat]
[2021-06-11T08:41:44.044Z] [org.springframework.boot.autoconfigure.logging.ConditionEvaluationReportLoggingListener] [restartedMain] [136] [INFO ] 

Error starting ApplicationContext. To display the conditions report re-run your application with 'debug' enabled.
[2021-06-11T08:41:44.044Z] [org.springframework.boot.SpringApplication] [restartedMain] [834] [ERROR] Application run failed
org.springframework.beans.factory.UnsatisfiedDependencyException: Error creating bean with name 'employeeController': Unsatisfied dependency expressed through field 'employeeService'; nested exception is org.springframework.beans.factory.BeanCreationException: Error creating bean with name 'employeeService' defined in file [D:\employee\employee\target\classes\com\edusol\employee\service\EmployeeService.class]: Instantiation of bean failed; nested exception is org.springframework.beans.BeanInstantiationException: Failed to instantiate [com.edusol.employee.service.EmployeeService]: Constructor threw exception; nested exception is java.lang.Error: Unresolved compilation problem: 
	The method getLogger(Class<capture#1-of ? extends EmployeeService>) is undefined for the type LoggerFactory

	at org.springframework.beans.factory.annotation.AutowiredAnnotationBeanPostProcessor$AutowiredFieldElement.resolveFieldValue(AutowiredAnnotationBeanPostProcessor.java:660)
	at org.springframework.beans.factory.annotation.AutowiredAnnotationBeanPostProcessor$AutowiredFieldElement.inject(AutowiredAnnotationBeanPostProcessor.java:640)
	at org.springframework.beans.factory.annotation.InjectionMetadata.inject(InjectionMetadata.java:119)
	at org.springframework.beans.factory.annotation.AutowiredAnnotationBeanPostProcessor.postProcessProperties(AutowiredAnnotationBeanPostProcessor.java:399)
	at org.springframework.beans.factory.support.AbstractAutowireCapableBeanFactory.populateBean(AbstractAutowireCapableBeanFactory.java:1425)
	at org.springframework.beans.factory.support.AbstractAutowireCapableBeanFactory.doCreateBean(AbstractAutowireCapableBeanFactory.java:593)
	at org.springframework.beans.factory.support.AbstractAutowireCapableBeanFactory.createBean(AbstractAutowireCapableBeanFactory.java:516)
	at org.springframework.beans.factory.support.AbstractBeanFactory.lambda$doGetBean$0(AbstractBeanFactory.java:324)
	at org.springframework.beans.factory.support.DefaultSingletonBeanRegistry.getSingleton(DefaultSingletonBeanRegistry.java:234)
	at org.springframework.beans.factory.support.AbstractBeanFactory.doGetBean(AbstractBeanFactory.java:322)
	at org.springframework.beans.factory.support.AbstractBeanFactory.getBean(AbstractBeanFactory.java:202)
	at org.springframework.beans.factory.support.DefaultListableBeanFactory.preInstantiateSingletons(DefaultListableBeanFactory.java:897)
	at org.springframework.context.support.AbstractApplicationContext.finishBeanFactoryInitialization(AbstractApplicationContext.java:879)
	at org.springframework.context.support.AbstractApplicationContext.refresh(AbstractApplicationContext.java:551)
	at org.springframework.boot.web.servlet.context.ServletWebServerApplicationContext.refresh(ServletWebServerApplicationContext.java:143)
	at org.springframework.boot.SpringApplication.refresh(SpringApplication.java:755)
	at org.springframework.boot.SpringApplication.refresh(SpringApplication.java:747)
	at org.springframework.boot.SpringApplication.refreshContext(SpringApplication.java:402)
	at org.springframework.boot.SpringApplication.run(SpringApplication.java:312)
	at org.springframework.boot.SpringApplication.run(SpringApplication.java:1247)
	at org.springframework.boot.SpringApplication.run(SpringApplication.java:1236)
	at com.edusol.employee.EmployeeApplication.main(EmployeeApplication.java:10)
	at java.base/jdk.internal.reflect.NativeMethodAccessorImpl.invoke0(Native Method)
	at java.base/jdk.internal.reflect.NativeMethodAccessorImpl.invoke(NativeMethodAccessorImpl.java:78)
	at java.base/jdk.internal.reflect.DelegatingMethodAccessorImpl.invoke(DelegatingMethodAccessorImpl.java:43)
	at java.base/java.lang.reflect.Method.invoke(Method.java:567)
	at org.springframework.boot.devtools.restart.RestartLauncher.run(RestartLauncher.java:49)
Caused by: org.springframework.beans.factory.BeanCreationException: Error creating bean with name 'employeeService' defined in file [D:\employee\employee\target\classes\com\edusol\employee\service\EmployeeService.class]: Instantiation of bean failed; nested exception is org.springframework.beans.BeanInstantiationException: Failed to instantiate [com.edusol.employee.service.EmployeeService]: Constructor threw exception; nested exception is java.lang.Error: Unresolved compilation problem: 
	The method getLogger(Class<capture#1-of ? extends EmployeeService>) is undefined for the type LoggerFactory

	at org.springframework.beans.factory.support.AbstractAutowireCapableBeanFactory.instantiateBean(AbstractAutowireCapableBeanFactory.java:1323)
	at org.springframework.beans.factory.support.AbstractAutowireCapableBeanFactory.createBeanInstance(AbstractAutowireCapableBeanFactory.java:1218)
	at org.springframework.beans.factory.support.AbstractAutowireCapableBeanFactory.doCreateBean(AbstractAutowireCapableBeanFactory.java:556)
	at org.springframework.beans.factory.support.AbstractAutowireCapableBeanFactory.createBean(AbstractAutowireCapableBeanFactory.java:516)
	at org.springframework.beans.factory.support.AbstractBeanFactory.lambda$doGetBean$0(AbstractBeanFactory.java:324)
	at org.springframework.beans.factory.support.DefaultSingletonBeanRegistry.getSingleton(DefaultSingletonBeanRegistry.java:234)
	at org.springframework.beans.factory.support.AbstractBeanFactory.doGetBean(AbstractBeanFactory.java:322)
	at org.springframework.beans.factory.support.AbstractBeanFactory.getBean(AbstractBeanFactory.java:202)
	at org.springframework.beans.factory.config.DependencyDescriptor.resolveCandidate(DependencyDescriptor.java:276)
	at org.springframework.beans.factory.support.DefaultListableBeanFactory.doResolveDependency(DefaultListableBeanFactory.java:1307)
	at org.springframework.beans.factory.support.DefaultListableBeanFactory.resolveDependency(DefaultListableBeanFactory.java:1227)
	at org.springframework.beans.factory.annotation.AutowiredAnnotationBeanPostProcessor$AutowiredFieldElement.resolveFieldValue(AutowiredAnnotationBeanPostProcessor.java:657)
	... 26 common frames omitted
Caused by: org.springframework.beans.BeanInstantiationException: Failed to instantiate [com.edusol.employee.service.EmployeeService]: Constructor threw exception; nested exception is java.lang.Error: Unresolved compilation problem: 
	The method getLogger(Class<capture#1-of ? extends EmployeeService>) is undefined for the type LoggerFactory

	at org.springframework.beans.BeanUtils.instantiateClass(BeanUtils.java:217)
	at org.springframework.beans.factory.support.SimpleInstantiationStrategy.instantiate(SimpleInstantiationStrategy.java:87)
	at org.springframework.beans.factory.support.AbstractAutowireCapableBeanFactory.instantiateBean(AbstractAutowireCapableBeanFactory.java:1315)
	... 37 common frames omitted
Caused by: java.lang.Error: Unresolved compilation problem: 
	The method getLogger(Class<capture#1-of ? extends EmployeeService>) is undefined for the type LoggerFactory

	at com.edusol.employee.service.EmployeeService.<init>(EmployeeService.java:19)
	at java.base/jdk.internal.reflect.NativeConstructorAccessorImpl.newInstance0(Native Method)
	at java.base/jdk.internal.reflect.NativeConstructorAccessorImpl.newInstance(NativeConstructorAccessorImpl.java:78)
	at java.base/jdk.internal.reflect.DelegatingConstructorAccessorImpl.newInstance(DelegatingConstructorAccessorImpl.java:45)
	at java.base/java.lang.reflect.Constructor.newInstanceWithCaller(Constructor.java:499)
	at java.base/java.lang.reflect.Constructor.newInstance(Constructor.java:480)
	at org.springframework.beans.BeanUtils.instantiateClass(BeanUtils.java:204)
	... 39 common frames omitted
[2021-06-12T08:46:57.057Z] [org.springframework.boot.StartupInfoLogger] [restartedMain] [55] [INFO ] Starting EmployeeApplication on ADMIN-PC with PID 4828 (D:\employee\employee\target\classes started by ADMIN in D:\employee\employee)
[2021-06-12T08:46:57.057Z] [org.springframework.boot.SpringApplication] [restartedMain] [648] [INFO ] No active profile set, falling back to default profiles: default
[2021-06-12T08:46:58.058Z] [org.springframework.boot.logging.DeferredLog] [restartedMain] [225] [INFO ] The Class-Path manifest attribute in C:\Users\ADMIN\.m2\repository\com\oracle\database\jdbc\ojdbc8\19.3.0.0\ojdbc8-19.3.0.0.jar referenced one or more files that do not exist: file:/C:/Users/ADMIN/.m2/repository/com/oracle/database/jdbc/ojdbc8/19.3.0.0/oraclepki.jar
[2021-06-12T08:46:58.058Z] [org.springframework.boot.logging.DeferredLog] [restartedMain] [225] [INFO ] The Class-Path manifest attribute in C:\Users\ADMIN\.m2\repository\com\oracle\database\security\oraclepki\19.3.0.0\oraclepki-19.3.0.0.jar referenced one or more files that do not exist: file:/C:/Users/ADMIN/.m2/repository/com/oracle/database/security/oraclepki/19.3.0.0/osdt_core.jar,file:/C:/Users/ADMIN/.m2/repository/com/oracle/database/security/oraclepki/19.3.0.0/osdt_cert.jar,file:/C:/Users/ADMIN/.m2/repository/com/oracle/database/security/oraclepki/oracle.osdt/osdt_core.jar,file:/C:/Users/ADMIN/.m2/repository/com/oracle/database/security/oraclepki/oracle.osdt/osdt_cert.jar
[2021-06-12T08:46:58.058Z] [org.springframework.boot.logging.DeferredLog] [restartedMain] [225] [INFO ] Devtools property defaults active! Set 'spring.devtools.add-properties' to 'false' to disable
[2021-06-12T08:46:58.058Z] [org.springframework.boot.logging.DeferredLog] [restartedMain] [225] [INFO ] For additional web related logging consider setting the 'logging.level.web' property to 'DEBUG'
[2021-06-12T08:47:01.001Z] [org.springframework.data.repository.config.RepositoryConfigurationDelegate] [restartedMain] [127] [INFO ] Bootstrapping Spring Data JPA repositories in DEFAULT mode.
[2021-06-12T08:47:01.001Z] [org.springframework.data.repository.config.RepositoryConfigurationDelegate] [restartedMain] [187] [INFO ] Finished Spring Data repository scanning in 185ms. Found 1 JPA repository interfaces.
[2021-06-12T08:47:03.003Z] [org.springframework.boot.web.embedded.tomcat.TomcatWebServer] [restartedMain] [108] [INFO ] Tomcat initialized with port(s): 8082 (http)
[2021-06-12T08:47:03.003Z] [org.apache.juli.logging.DirectJDKLog] [restartedMain] [173] [INFO ] Starting service [Tomcat]
[2021-06-12T08:47:03.003Z] [org.apache.juli.logging.DirectJDKLog] [restartedMain] [173] [INFO ] Starting Servlet engine: [Apache Tomcat/9.0.45]
[2021-06-12T08:47:04.004Z] [org.apache.juli.logging.DirectJDKLog] [restartedMain] [173] [INFO ] Initializing Spring embedded WebApplicationContext
[2021-06-12T08:47:04.004Z] [org.springframework.boot.web.servlet.context.ServletWebServerApplicationContext] [restartedMain] [285] [INFO ] Root WebApplicationContext: initialization completed in 6118 ms
[2021-06-12T08:47:04.004Z] [com.zaxxer.hikari.HikariDataSource] [restartedMain] [110] [INFO ] HikariPoolBooks - Starting...
[2021-06-12T08:47:05.005Z] [com.zaxxer.hikari.HikariDataSource] [restartedMain] [123] [INFO ] HikariPoolBooks - Start completed.
[2021-06-12T08:47:05.005Z] [org.springframework.boot.autoconfigure.h2.H2ConsoleAutoConfiguration] [restartedMain] [73] [INFO ] H2 console available at '/h2-console'. Database available at 'jdbc:oracle:thin:@localhost:1521:xe'
[2021-06-12T08:47:06.006Z] [org.hibernate.jpa.internal.util.LogHelper] [restartedMain] [31] [INFO ] HHH000204: Processing PersistenceUnitInfo [name: default]
[2021-06-12T08:47:06.006Z] [org.hibernate.Version] [restartedMain] [44] [INFO ] HHH000412: Hibernate ORM core version 5.4.30.Final
[2021-06-12T08:47:07.007Z] [org.hibernate.annotations.common.reflection.java.JavaReflectionManager] [restartedMain] [56] [INFO ] HCANN000001: Hibernate Commons Annotations {5.1.2.Final}
[2021-06-12T08:47:07.007Z] [org.hibernate.dialect.Dialect] [restartedMain] [175] [INFO ] HHH000400: Using dialect: org.hibernate.dialect.Oracle12cDialect
[2021-06-12T08:47:13.013Z] [org.hibernate.engine.transaction.jta.platform.internal.JtaPlatformInitiator] [restartedMain] [52] [INFO ] HHH000490: Using JtaPlatform implementation: [org.hibernate.engine.transaction.jta.platform.internal.NoJtaPlatform]
[2021-06-12T08:47:13.013Z] [org.springframework.orm.jpa.AbstractEntityManagerFactoryBean] [restartedMain] [419] [INFO ] Initialized JPA EntityManagerFactory for persistence unit 'default'
[2021-06-12T08:47:13.013Z] [org.springframework.boot.devtools.autoconfigure.OptionalLiveReloadServer] [restartedMain] [58] [INFO ] LiveReload server is running on port 35729
[2021-06-12T08:47:14.014Z] [org.springframework.boot.autoconfigure.orm.jpa.JpaBaseConfiguration$JpaWebConfiguration] [restartedMain] [220] [WARN ] spring.jpa.open-in-view is enabled by default. Therefore, database queries may be performed during view rendering. Explicitly configure spring.jpa.open-in-view to disable this warning
[2021-06-12T08:47:15.015Z] [org.springframework.scheduling.concurrent.ExecutorConfigurationSupport] [restartedMain] [181] [INFO ] Initializing ExecutorService 'applicationTaskExecutor'
[2021-06-12T08:47:16.016Z] [org.springframework.boot.web.embedded.tomcat.TomcatWebServer] [restartedMain] [220] [INFO ] Tomcat started on port(s): 8082 (http) with context path ''
[2021-06-12T08:47:16.016Z] [org.springframework.boot.StartupInfoLogger] [restartedMain] [61] [INFO ] Started EmployeeApplication in 19.695 seconds (JVM running for 21.849)
